<?xml version="1.0" encoding="UTF-8"?>
<testsuite name="com.neyma.messaging.MessagingApplicationTests" tests="1" skipped="0" failures="0" errors="0" timestamp="2025-12-06T14:50:31.751Z" hostname="MacBook-Pro.local" time="0.377">
  <properties/>
  <testcase name="contextLoads()" classname="com.neyma.messaging.MessagingApplicationTests" time="0.377"/>
  <system-out><![CDATA[15:50:31.507 [Test worker] INFO org.springframework.test.context.support.AnnotationConfigContextLoaderUtils -- Could not detect default configuration classes for test class [com.neyma.messaging.MessagingApplicationTests]: MessagingApplicationTests does not declare any static, non-private, non-final, nested classes annotated with @Configuration.
15:50:31.534 [Test worker] INFO org.springframework.boot.test.context.SpringBootTestContextBootstrapper -- Found @SpringBootConfiguration com.neyma.messaging.MessagingApplication for test class com.neyma.messaging.MessagingApplicationTests

  .   ____          _            __ _ _
 /\\ / ___'_ __ _ _(_)_ __  __ _ \ \ \ \
( ( )\___ | '_ | '_| | '_ \/ _` | \ \ \ \
 \\/  ___)| |_)| | | | | || (_| |  ) ) ) )
  '  |____| .__|_| |_|_| |_\__, | / / / /
 =========|_|==============|___/=/_/_/_/

 :: Spring Boot ::                (v3.3.1)

2025-12-06T15:50:31.623+01:00  INFO 26132 --- [    Test worker] c.n.messaging.MessagingApplicationTests  : Starting MessagingApplicationTests using Java 21.0.9 with PID 26132 (started by gaborcsatlos in /Users/gaborcsatlos/Projects/messaging)
2025-12-06T15:50:31.623+01:00  INFO 26132 --- [    Test worker] c.n.messaging.MessagingApplicationTests  : No active profile set, falling back to 1 default profile: "default"
2025-12-06T15:50:31.749+01:00  INFO 26132 --- [    Test worker] c.n.messaging.MessagingApplicationTests  : Started MessagingApplicationTests in 0.178 seconds (process running for 0.531)
]]></system-out>
  <system-err><![CDATA[WARNING: A Java agent has been loaded dynamically (/Users/gaborcsatlos/.gradle/caches/modules-2/files-2.1/net.bytebuddy/byte-buddy-agent/1.14.17/e3c251a39dc90badaf71c83427ba46840f219d8d/byte-buddy-agent-1.14.17.jar)
WARNING: If a serviceability tool is in use, please run with -XX:+EnableDynamicAgentLoading to hide this warning
WARNING: If a serviceability tool is not in use, please run with -Djdk.instrument.traceUsage for more information
WARNING: Dynamic loading of agents will be disallowed by default in a future release
]]></system-err>
</testsuite>
